[36m[2025-11-07 23:05:46 DEBUG] [__init__:101][39m ###############################################################################
[36m[2025-11-07 23:05:46 DEBUG] [__init__:102][39m Running command 'run'
[36m[2025-11-07 23:05:46 DEBUG] [__init__:106][39m Using settings file '/Users/roser/.chaostoolkit/settings.yaml'
[36m[2025-11-07 23:05:46 DEBUG] [settings:31][39m The Chaos Toolkit settings file could not be found at '/Users/roser/.chaostoolkit/settings.yaml'.
[36m[2025-11-07 23:05:46 DEBUG] [__init__:472][39m No controls to apply on 'loader'
[36m[2025-11-07 23:05:46 DEBUG] [__init__:472][39m No controls to apply on 'loader'
[36m[2025-11-07 23:05:46 DEBUG] [caching:24][39m Building activity cache...
[36m[2025-11-07 23:05:46 DEBUG] [caching:35][39m Cached 3 activities
[32m[2025-11-07 23:05:46 INFO] [experiment:59][39m Validating the experiment's syntax
[36m[2025-11-07 23:05:46 DEBUG] [configuration:64][39m Loading configuration...
[36m[2025-11-07 23:05:46 DEBUG] [secret:79][39m Loading secrets...
[36m[2025-11-07 23:05:46 DEBUG] [secret:104][39m Done loading secrets
[32m[2025-11-07 23:05:46 INFO] [experiment:112][39m Experiment looks valid
[36m[2025-11-07 23:05:46 DEBUG] [caching:42][39m Clearing activities cache
[36m[2025-11-07 23:05:46 DEBUG] [run:224][39m Runtime strategies: hypothesis - default / rollbacks - default
[36m[2025-11-07 23:05:46 DEBUG] [caching:24][39m Building activity cache...
[36m[2025-11-07 23:05:46 DEBUG] [caching:35][39m Cached 3 activities
[36m[2025-11-07 23:05:46 DEBUG] [configuration:64][39m Loading configuration...
[36m[2025-11-07 23:05:46 DEBUG] [secret:79][39m Loading secrets...
[36m[2025-11-07 23:05:46 DEBUG] [secret:104][39m Done loading secrets
[36m[2025-11-07 23:05:46 DEBUG] [configuration:161][39m Loading dynamic configuration...
[32m[2025-11-07 23:05:46 INFO] [run:440][39m Running experiment: Kill Backend Pod Experiment (Extended Observation)
[36m[2025-11-07 23:05:46 DEBUG] [__init__:67][39m Initializing controls
[32m[2025-11-07 23:05:46 INFO] [run:471][39m Steady-state strategy: default
[32m[2025-11-07 23:05:46 INFO] [run:477][39m Rollbacks strategy: default
[36m[2025-11-07 23:05:46 DEBUG] [__init__:472][39m No controls to apply on 'experiment'
[36m[2025-11-07 23:05:46 DEBUG] [run:654][39m Running steady-state hypothesis before the method
[32m[2025-11-07 23:05:46 INFO] [hypothesis:205][39m Steady state hypothesis: Backend should be available before chaos
[36m[2025-11-07 23:05:46 DEBUG] [__init__:472][39m No controls to apply on 'hypothesis'
[36m[2025-11-07 23:05:46 DEBUG] [__init__:472][39m No controls to apply on 'activity'
[32m[2025-11-07 23:05:46 INFO] [activity:232][39m Probe: backend_pod_ready
[36m[2025-11-07 23:05:46 DEBUG] [python:33][39m Activity 'backend_pod_ready' loaded from '/Library/Frameworks/Python.framework/Versions/3.12/lib/python3.12/site-packages/chaosk8s/pod/probes.py'
[36m[2025-11-07 23:05:46 DEBUG] [__init__:79][39m Using Kubernetes context 'default' from config '/Users/roser/.kube/config'
[36m[2025-11-07 23:05:46 DEBUG] [probes:110][39m Found 1 pods matching label 'app=backend' in ns 'lab3'
[36m[2025-11-07 23:05:46 DEBUG] [activity:260][39m   => succeeded with 'True'
[36m[2025-11-07 23:05:46 DEBUG] [__init__:472][39m No controls to apply on 'activity'
[36m[2025-11-07 23:05:46 DEBUG] [hypothesis:247][39m allowed tolerance is True
[32m[2025-11-07 23:05:46 INFO] [hypothesis:260][39m Steady state hypothesis is met!
[36m[2025-11-07 23:05:46 DEBUG] [__init__:472][39m No controls to apply on 'hypothesis'
[32m[2025-11-07 23:05:46 INFO] [run:778][39m Playing your experiment's method now...
[36m[2025-11-07 23:05:46 DEBUG] [__init__:472][39m No controls to apply on 'method'
[36m[2025-11-07 23:05:46 DEBUG] [__init__:472][39m No controls to apply on 'activity'
[32m[2025-11-07 23:05:46 INFO] [activity:220][39m Pausing before next activity for 5s...
[32m[2025-11-07 23:05:51 INFO] [activity:232][39m Action: terminate_backend_pod
[36m[2025-11-07 23:05:51 DEBUG] [python:33][39m Activity 'terminate_backend_pod' loaded from '/Library/Frameworks/Python.framework/Versions/3.12/lib/python3.12/site-packages/chaosk8s/pod/actions.py'
[36m[2025-11-07 23:05:51 DEBUG] [__init__:79][39m Using Kubernetes context 'default' from config '/Users/roser/.kube/config'
[36m[2025-11-07 23:05:51 DEBUG] [actions:236][39m Found 1 pods labelled 'app=backend' in ns lab3
[36m[2025-11-07 23:05:51 DEBUG] [activity:260][39m   => succeeded with '['backend-869958bc8d-wlvb2']'
[32m[2025-11-07 23:05:51 INFO] [activity:280][39m Pausing after activity for 30s...
[36m[2025-11-07 23:06:21 DEBUG] [__init__:472][39m No controls to apply on 'activity'
[36m[2025-11-07 23:06:21 DEBUG] [__init__:472][39m No controls to apply on 'activity'
[32m[2025-11-07 23:06:21 INFO] [activity:232][39m Probe: verify_backend_recovery
[36m[2025-11-07 23:06:21 DEBUG] [python:33][39m Activity 'verify_backend_recovery' loaded from '/Library/Frameworks/Python.framework/Versions/3.12/lib/python3.12/site-packages/chaosk8s/pod/probes.py'
[36m[2025-11-07 23:06:21 DEBUG] [__init__:79][39m Using Kubernetes context 'default' from config '/Users/roser/.kube/config'
[36m[2025-11-07 23:06:21 DEBUG] [probes:110][39m Found 1 pods matching label 'app=backend' in ns 'lab3'
[36m[2025-11-07 23:06:21 DEBUG] [activity:260][39m   => succeeded with 'True'
[36m[2025-11-07 23:06:21 DEBUG] [__init__:472][39m No controls to apply on 'activity'
[36m[2025-11-07 23:06:21 DEBUG] [__init__:472][39m No controls to apply on 'method'
[36m[2025-11-07 23:06:21 DEBUG] [run:696][39m Running steady-state hypothesis after the method
[32m[2025-11-07 23:06:21 INFO] [hypothesis:205][39m Steady state hypothesis: Backend should be available before chaos
[36m[2025-11-07 23:06:21 DEBUG] [__init__:472][39m No controls to apply on 'hypothesis'
[36m[2025-11-07 23:06:21 DEBUG] [__init__:472][39m No controls to apply on 'activity'
[32m[2025-11-07 23:06:21 INFO] [activity:232][39m Probe: backend_pod_ready
[36m[2025-11-07 23:06:21 DEBUG] [python:33][39m Activity 'backend_pod_ready' loaded from '/Library/Frameworks/Python.framework/Versions/3.12/lib/python3.12/site-packages/chaosk8s/pod/probes.py'
[36m[2025-11-07 23:06:21 DEBUG] [__init__:79][39m Using Kubernetes context 'default' from config '/Users/roser/.kube/config'
[36m[2025-11-07 23:06:21 DEBUG] [probes:110][39m Found 1 pods matching label 'app=backend' in ns 'lab3'
[36m[2025-11-07 23:06:21 DEBUG] [activity:260][39m   => succeeded with 'True'
[36m[2025-11-07 23:06:21 DEBUG] [__init__:472][39m No controls to apply on 'activity'
[36m[2025-11-07 23:06:21 DEBUG] [hypothesis:247][39m allowed tolerance is True
[32m[2025-11-07 23:06:21 INFO] [hypothesis:260][39m Steady state hypothesis is met!
[36m[2025-11-07 23:06:21 DEBUG] [__init__:472][39m No controls to apply on 'hypothesis'
[32m[2025-11-07 23:06:21 INFO] [run:1072][39m Let's rollback...
[36m[2025-11-07 23:06:21 DEBUG] [__init__:472][39m No controls to apply on 'rollback'
[32m[2025-11-07 23:06:21 INFO] [rollback:33][39m No declared rollbacks, let's move on.
[36m[2025-11-07 23:06:21 DEBUG] [__init__:472][39m No controls to apply on 'rollback'
[32m[2025-11-07 23:06:21 INFO] [run:598][39m Experiment ended with status: completed
[36m[2025-11-07 23:06:21 DEBUG] [__init__:472][39m No controls to apply on 'experiment'
[36m[2025-11-07 23:06:21 DEBUG] [__init__:106][39m Cleaning up controls
[36m[2025-11-07 23:06:21 DEBUG] [caching:42][39m Clearing activities cache
