2025-11-07 12:07:27,020 WARNING [CB Transition] OPEN -> HALF-OPEN
2025-11-07 12:07:29,027 WARNING [CB Transition] HALF-OPEN -> OPEN
2025-11-07 12:07:29,027 WARNING Breaker OPEN: fast-fail without calling backend
2025-11-07 12:07:29,027 INFO Breaker=OPEN result={'error': 'circuit breaker open'}
2025-11-07 12:07:29,329 WARNING Breaker OPEN: fast-fail without calling backend
2025-11-07 12:07:29,329 INFO Breaker=OPEN result={'error': 'circuit breaker open'}
2025-11-07 12:07:29,632 WARNING Breaker OPEN: fast-fail without calling backend
2025-11-07 12:07:29,632 INFO Breaker=OPEN result={'error': 'circuit breaker open'}
2025-11-07 12:07:29,939 WARNING Breaker OPEN: fast-fail without calling backend
2025-11-07 12:07:29,939 INFO Breaker=OPEN result={'error': 'circuit breaker open'}
2025-11-07 12:07:30,240 WARNING [CB Transition] OPEN -> HALF-OPEN
2025-11-07 12:07:31,981 INFO HTTP Request: GET http://backend.lab3.svc.cluster.local:8000/work "HTTP/1.1 500 Internal Server Error"
2025-11-07 12:07:31,982 WARNING [CB Transition] HALF-OPEN -> OPEN
2025-11-07 12:07:31,982 WARNING Breaker OPEN: fast-fail without calling backend
2025-11-07 12:07:31,982 INFO Breaker=OPEN result={'error': 'circuit breaker open'}
2025-11-07 12:07:32,284 WARNING Breaker OPEN: fast-fail without calling backend
2025-11-07 12:07:32,284 INFO Breaker=OPEN result={'error': 'circuit breaker open'}
2025-11-07 12:07:32,585 WARNING Breaker OPEN: fast-fail without calling backend
2025-11-07 12:07:32,585 INFO Breaker=OPEN result={'error': 'circuit breaker open'}
2025-11-07 12:07:32,886 WARNING Breaker OPEN: fast-fail without calling backend
2025-11-07 12:07:32,886 INFO Breaker=OPEN result={'error': 'circuit breaker open'}
2025-11-07 12:07:33,192 WARNING [CB Transition] OPEN -> HALF-OPEN
2025-11-07 12:07:33,197 INFO HTTP Request: GET http://backend.lab3.svc.cluster.local:8000/work "HTTP/1.1 200 OK"
2025-11-07 12:07:33,197 WARNING [CB Transition] HALF-OPEN -> CLOSED
2025-11-07 12:07:33,197 INFO Breaker=OPEN result={'ok': True, 'ts': 1762517253.1953154}
2025-11-07 12:07:33,501 WARNING Breaker state changed → CLOSED
2025-11-07 12:07:33,653 INFO HTTP Request: GET http://backend.lab3.svc.cluster.local:8000/work "HTTP/1.1 500 Internal Server Error"
2025-11-07 12:07:33,654 INFO Breaker=CLOSED result={'error': 'server error 500'}
2025-11-07 12:07:33,960 INFO HTTP Request: GET http://backend.lab3.svc.cluster.local:8000/work "HTTP/1.1 200 OK"
2025-11-07 12:07:33,961 INFO Breaker=CLOSED result={'ok': True, 'ts': 1762517253.9586408}
2025-11-07 12:07:35,342 INFO HTTP Request: GET http://backend.lab3.svc.cluster.local:8000/work "HTTP/1.1 500 Internal Server Error"
2025-11-07 12:07:35,343 INFO Breaker=CLOSED result={'error': 'server error 500'}
2025-11-07 12:07:35,838 INFO HTTP Request: GET http://backend.lab3.svc.cluster.local:8000/work "HTTP/1.1 500 Internal Server Error"
2025-11-07 12:07:35,839 WARNING [CB Transition] CLOSED -> OPEN
2025-11-07 12:07:35,839 WARNING Breaker OPEN: fast-fail without calling backend
2025-11-07 12:07:35,839 INFO Breaker=CLOSED result={'error': 'circuit breaker open'}
2025-11-07 12:07:36,140 WARNING Breaker state changed → OPEN
2025-11-07 12:07:36,140 WARNING Breaker OPEN: fast-fail without calling backend
2025-11-07 12:07:36,140 INFO Breaker=OPEN result={'error': 'circuit breaker open'}
2025-11-07 12:07:36,443 WARNING Breaker OPEN: fast-fail without calling backend
2025-11-07 12:07:36,443 INFO Breaker=OPEN result={'error': 'circuit breaker open'}
2025-11-07 12:07:36,746 WARNING Breaker OPEN: fast-fail without calling backend
2025-11-07 12:07:36,746 INFO Breaker=OPEN result={'error': 'circuit breaker open'}
2025-11-07 12:07:37,052 WARNING [CB Transition] OPEN -> HALF-OPEN
2025-11-07 12:07:38,480 INFO HTTP Request: GET http://backend.lab3.svc.cluster.local:8000/work "HTTP/1.1 500 Internal Server Error"
2025-11-07 12:07:38,482 WARNING [CB Transition] HALF-OPEN -> OPEN
2025-11-07 12:07:38,483 WARNING Breaker OPEN: fast-fail without calling backend
2025-11-07 12:07:38,483 INFO Breaker=OPEN result={'error': 'circuit breaker open'}
2025-11-07 12:07:38,787 WARNING Breaker OPEN: fast-fail without calling backend
2025-11-07 12:07:38,788 INFO Breaker=OPEN result={'error': 'circuit breaker open'}
2025-11-07 12:07:39,091 WARNING Breaker OPEN: fast-fail without calling backend
2025-11-07 12:07:39,091 INFO Breaker=OPEN result={'error': 'circuit breaker open'}
2025-11-07 12:07:39,394 WARNING Breaker OPEN: fast-fail without calling backend
2025-11-07 12:07:39,394 INFO Breaker=OPEN result={'error': 'circuit breaker open'}
2025-11-07 12:07:39,695 WARNING [CB Transition] OPEN -> HALF-OPEN
2025-11-07 12:07:39,931 INFO HTTP Request: GET http://backend.lab3.svc.cluster.local:8000/work "HTTP/1.1 500 Internal Server Error"
2025-11-07 12:07:39,932 WARNING [CB Transition] HALF-OPEN -> OPEN
2025-11-07 12:07:39,932 WARNING Breaker OPEN: fast-fail without calling backend
2025-11-07 12:07:39,932 INFO Breaker=OPEN result={'error': 'circuit breaker open'}
2025-11-07 12:07:40,236 WARNING Breaker OPEN: fast-fail without calling backend
2025-11-07 12:07:40,236 INFO Breaker=OPEN result={'error': 'circuit breaker open'}
2025-11-07 12:07:40,540 WARNING Breaker OPEN: fast-fail without calling backend
2025-11-07 12:07:40,541 INFO Breaker=OPEN result={'error': 'circuit breaker open'}
2025-11-07 12:07:40,843 WARNING Breaker OPEN: fast-fail without calling backend
2025-11-07 12:07:40,843 INFO Breaker=OPEN result={'error': 'circuit breaker open'}
2025-11-07 12:07:41,149 WARNING [CB Transition] OPEN -> HALF-OPEN
2025-11-07 12:07:42,652 INFO HTTP Request: GET http://backend.lab3.svc.cluster.local:8000/work "HTTP/1.1 500 Internal Server Error"
2025-11-07 12:07:42,653 WARNING [CB Transition] HALF-OPEN -> OPEN
2025-11-07 12:07:42,653 WARNING Breaker OPEN: fast-fail without calling backend
2025-11-07 12:07:42,653 INFO Breaker=OPEN result={'error': 'circuit breaker open'}
2025-11-07 12:07:42,955 WARNING Breaker OPEN: fast-fail without calling backend
2025-11-07 12:07:42,955 INFO Breaker=OPEN result={'error': 'circuit breaker open'}
2025-11-07 12:07:43,257 WARNING Breaker OPEN: fast-fail without calling backend
2025-11-07 12:07:43,257 INFO Breaker=OPEN result={'error': 'circuit breaker open'}
2025-11-07 12:07:43,561 WARNING Breaker OPEN: fast-fail without calling backend
2025-11-07 12:07:43,562 INFO Breaker=OPEN result={'error': 'circuit breaker open'}
2025-11-07 12:07:43,868 WARNING [CB Transition] OPEN -> HALF-OPEN
2025-11-07 12:07:44,618 INFO HTTP Request: GET http://backend.lab3.svc.cluster.local:8000/work "HTTP/1.1 500 Internal Server Error"
2025-11-07 12:07:44,618 WARNING [CB Transition] HALF-OPEN -> OPEN
2025-11-07 12:07:44,618 WARNING Breaker OPEN: fast-fail without calling backend
2025-11-07 12:07:44,618 INFO Breaker=OPEN result={'error': 'circuit breaker open'}
2025-11-07 12:07:44,919 WARNING Breaker OPEN: fast-fail without calling backend
2025-11-07 12:07:44,920 INFO Breaker=OPEN result={'error': 'circuit breaker open'}
2025-11-07 12:07:45,221 WARNING Breaker OPEN: fast-fail without calling backend
2025-11-07 12:07:45,221 INFO Breaker=OPEN result={'error': 'circuit breaker open'}
2025-11-07 12:07:45,527 WARNING Breaker OPEN: fast-fail without calling backend
2025-11-07 12:07:45,528 INFO Breaker=OPEN result={'error': 'circuit breaker open'}
2025-11-07 12:07:45,829 WARNING [CB Transition] OPEN -> HALF-OPEN
2025-11-07 12:07:45,881 INFO HTTP Request: GET http://backend.lab3.svc.cluster.local:8000/work "HTTP/1.1 200 OK"
2025-11-07 12:07:45,882 WARNING [CB Transition] HALF-OPEN -> CLOSED
2025-11-07 12:07:45,882 INFO Breaker=OPEN result={'ok': True, 'ts': 1762517265.8793652}
2025-11-07 12:07:46,183 WARNING Breaker state changed → CLOSED
2025-11-07 12:07:48,078 INFO HTTP Request: GET http://backend.lab3.svc.cluster.local:8000/work "HTTP/1.1 500 Internal Server Error"
2025-11-07 12:07:48,078 INFO Breaker=CLOSED result={'error': 'server error 500'}
2025-11-07 12:07:50,391 WARNING [CB Transition] CLOSED -> OPEN
2025-11-07 12:07:50,391 WARNING Breaker OPEN: fast-fail without calling backend
2025-11-07 12:07:50,391 INFO Breaker=CLOSED result={'error': 'circuit breaker open'}
2025-11-07 12:07:50,693 WARNING Breaker state changed → OPEN
2025-11-07 12:07:50,694 WARNING Breaker OPEN: fast-fail without calling backend
2025-11-07 12:07:50,694 INFO Breaker=OPEN result={'error': 'circuit breaker open'}
2025-11-07 12:07:50,996 WARNING Breaker OPEN: fast-fail without calling backend
2025-11-07 12:07:50,996 INFO Breaker=OPEN result={'error': 'circuit breaker open'}
2025-11-07 12:07:51,299 WARNING Breaker OPEN: fast-fail without calling backend
2025-11-07 12:07:51,299 INFO Breaker=OPEN result={'error': 'circuit breaker open'}
2025-11-07 12:07:51,601 WARNING [CB Transition] OPEN -> HALF-OPEN
2025-11-07 12:07:51,607 INFO HTTP Request: GET http://backend.lab3.svc.cluster.local:8000/work "HTTP/1.1 200 OK"
2025-11-07 12:07:51,607 WARNING [CB Transition] HALF-OPEN -> CLOSED
2025-11-07 12:07:51,607 INFO Breaker=OPEN result={'ok': True, 'ts': 1762517271.6068153}
2025-11-07 12:07:51,908 WARNING Breaker state changed → CLOSED
2025-11-07 12:07:52,110 INFO HTTP Request: GET http://backend.lab3.svc.cluster.local:8000/work "HTTP/1.1 500 Internal Server Error"
2025-11-07 12:07:52,132 INFO Breaker=CLOSED result={'error': 'server error 500'}
2025-11-07 12:07:54,066 INFO HTTP Request: GET http://backend.lab3.svc.cluster.local:8000/work "HTTP/1.1 200 OK"
2025-11-07 12:07:54,067 INFO Breaker=CLOSED result={'ok': True, 'ts': 1762517274.0619566}
2025-11-07 12:07:56,374 INFO Breaker=CLOSED result={'error': 'timed out'}
2025-11-07 12:07:57,878 INFO HTTP Request: GET http://backend.lab3.svc.cluster.local:8000/work "HTTP/1.1 500 Internal Server Error"
2025-11-07 12:07:57,879 WARNING [CB Transition] CLOSED -> OPEN
2025-11-07 12:07:57,879 WARNING Breaker OPEN: fast-fail without calling backend
2025-11-07 12:07:57,879 INFO Breaker=CLOSED result={'error': 'circuit breaker open'}
2025-11-07 12:07:58,180 WARNING Breaker state changed → OPEN
2025-11-07 12:07:58,180 WARNING Breaker OPEN: fast-fail without calling backend
2025-11-07 12:07:58,181 INFO Breaker=OPEN result={'error': 'circuit breaker open'}
2025-11-07 12:07:58,482 WARNING Breaker OPEN: fast-fail without calling backend
2025-11-07 12:07:58,483 INFO Breaker=OPEN result={'error': 'circuit breaker open'}
2025-11-07 12:07:58,785 WARNING Breaker OPEN: fast-fail without calling backend
2025-11-07 12:07:58,786 INFO Breaker=OPEN result={'error': 'circuit breaker open'}
2025-11-07 12:07:59,087 WARNING [CB Transition] OPEN -> HALF-OPEN
2025-11-07 12:07:59,913 INFO HTTP Request: GET http://backend.lab3.svc.cluster.local:8000/work "HTTP/1.1 500 Internal Server Error"
2025-11-07 12:07:59,914 WARNING [CB Transition] HALF-OPEN -> OPEN
2025-11-07 12:07:59,914 WARNING Breaker OPEN: fast-fail without calling backend
2025-11-07 12:07:59,914 INFO Breaker=OPEN result={'error': 'circuit breaker open'}
2025-11-07 12:08:00,217 WARNING Breaker OPEN: fast-fail without calling backend
2025-11-07 12:08:00,217 INFO Breaker=OPEN result={'error': 'circuit breaker open'}
2025-11-07 12:08:00,520 WARNING Breaker OPEN: fast-fail without calling backend
2025-11-07 12:08:00,521 INFO Breaker=OPEN result={'error': 'circuit breaker open'}
2025-11-07 12:08:00,822 WARNING Breaker OPEN: fast-fail without calling backend
2025-11-07 12:08:00,822 INFO Breaker=OPEN result={'error': 'circuit breaker open'}
2025-11-07 12:08:01,123 WARNING [CB Transition] OPEN -> HALF-OPEN
2025-11-07 12:08:02,024 INFO HTTP Request: GET http://backend.lab3.svc.cluster.local:8000/work "HTTP/1.1 500 Internal Server Error"
2025-11-07 12:08:02,024 WARNING [CB Transition] HALF-OPEN -> OPEN
2025-11-07 12:08:02,024 WARNING Breaker OPEN: fast-fail without calling backend
2025-11-07 12:08:02,024 INFO Breaker=OPEN result={'error': 'circuit breaker open'}
2025-11-07 12:08:02,328 WARNING Breaker OPEN: fast-fail without calling backend
2025-11-07 12:08:02,328 INFO Breaker=OPEN result={'error': 'circuit breaker open'}
2025-11-07 12:08:02,629 WARNING Breaker OPEN: fast-fail without calling backend
2025-11-07 12:08:02,629 INFO Breaker=OPEN result={'error': 'circuit breaker open'}
2025-11-07 12:08:02,931 WARNING Breaker OPEN: fast-fail without calling backend
2025-11-07 12:08:02,932 INFO Breaker=OPEN result={'error': 'circuit breaker open'}
2025-11-07 12:08:03,235 WARNING [CB Transition] OPEN -> HALF-OPEN
2025-11-07 12:08:03,637 INFO HTTP Request: GET http://backend.lab3.svc.cluster.local:8000/work "HTTP/1.1 500 Internal Server Error"
2025-11-07 12:08:03,638 WARNING [CB Transition] HALF-OPEN -> OPEN
2025-11-07 12:08:03,638 WARNING Breaker OPEN: fast-fail without calling backend
2025-11-07 12:08:03,638 INFO Breaker=OPEN result={'error': 'circuit breaker open'}
2025-11-07 12:08:03,940 WARNING Breaker OPEN: fast-fail without calling backend
2025-11-07 12:08:03,941 INFO Breaker=OPEN result={'error': 'circuit breaker open'}
2025-11-07 12:08:04,242 WARNING Breaker OPEN: fast-fail without calling backend
2025-11-07 12:08:04,242 INFO Breaker=OPEN result={'error': 'circuit breaker open'}
2025-11-07 12:08:04,548 WARNING Breaker OPEN: fast-fail without calling backend
2025-11-07 12:08:04,548 INFO Breaker=OPEN result={'error': 'circuit breaker open'}
2025-11-07 12:08:04,850 WARNING [CB Transition] OPEN -> HALF-OPEN
2025-11-07 12:08:06,857 WARNING [CB Transition] HALF-OPEN -> OPEN
2025-11-07 12:08:06,859 WARNING Breaker OPEN: fast-fail without calling backend
2025-11-07 12:08:06,860 INFO Breaker=OPEN result={'error': 'circuit breaker open'}
2025-11-07 12:08:07,160 WARNING Breaker OPEN: fast-fail without calling backend
2025-11-07 12:08:07,161 INFO Breaker=OPEN result={'error': 'circuit breaker open'}
2025-11-07 12:08:07,461 WARNING Breaker OPEN: fast-fail without calling backend
2025-11-07 12:08:07,462 INFO Breaker=OPEN result={'error': 'circuit breaker open'}
2025-11-07 12:08:07,764 WARNING Breaker OPEN: fast-fail without calling backend
2025-11-07 12:08:07,764 INFO Breaker=OPEN result={'error': 'circuit breaker open'}
2025-11-07 12:08:08,065 WARNING [CB Transition] OPEN -> HALF-OPEN
2025-11-07 12:08:08,879 INFO HTTP Request: GET http://backend.lab3.svc.cluster.local:8000/work "HTTP/1.1 500 Internal Server Error"
2025-11-07 12:08:08,880 WARNING [CB Transition] HALF-OPEN -> OPEN
2025-11-07 12:08:08,880 WARNING Breaker OPEN: fast-fail without calling backend
2025-11-07 12:08:08,880 INFO Breaker=OPEN result={'error': 'circuit breaker open'}
2025-11-07 12:08:09,184 WARNING Breaker OPEN: fast-fail without calling backend
2025-11-07 12:08:09,184 INFO Breaker=OPEN result={'error': 'circuit breaker open'}
2025-11-07 12:08:09,486 WARNING Breaker OPEN: fast-fail without calling backend
2025-11-07 12:08:09,486 INFO Breaker=OPEN result={'error': 'circuit breaker open'}
2025-11-07 12:08:09,787 WARNING Breaker OPEN: fast-fail without calling backend
2025-11-07 12:08:09,787 INFO Breaker=OPEN result={'error': 'circuit breaker open'}
2025-11-07 12:08:10,088 WARNING [CB Transition] OPEN -> HALF-OPEN
2025-11-07 12:08:12,075 INFO HTTP Request: GET http://backend.lab3.svc.cluster.local:8000/work "HTTP/1.1 500 Internal Server Error"
2025-11-07 12:08:12,076 WARNING [CB Transition] HALF-OPEN -> OPEN
2025-11-07 12:08:12,076 WARNING Breaker OPEN: fast-fail without calling backend
2025-11-07 12:08:12,076 INFO Breaker=OPEN result={'error': 'circuit breaker open'}
2025-11-07 12:08:12,377 WARNING Breaker OPEN: fast-fail without calling backend
2025-11-07 12:08:12,377 INFO Breaker=OPEN result={'error': 'circuit breaker open'}
2025-11-07 12:08:12,678 WARNING Breaker OPEN: fast-fail without calling backend
2025-11-07 12:08:12,678 INFO Breaker=OPEN result={'error': 'circuit breaker open'}
2025-11-07 12:08:12,980 WARNING Breaker OPEN: fast-fail without calling backend
2025-11-07 12:08:12,980 INFO Breaker=OPEN result={'error': 'circuit breaker open'}
2025-11-07 12:08:13,281 WARNING [CB Transition] OPEN -> HALF-OPEN
2025-11-07 12:08:13,472 INFO HTTP Request: GET http://backend.lab3.svc.cluster.local:8000/work "HTTP/1.1 500 Internal Server Error"
2025-11-07 12:08:13,473 WARNING [CB Transition] HALF-OPEN -> OPEN
2025-11-07 12:08:13,473 WARNING Breaker OPEN: fast-fail without calling backend
2025-11-07 12:08:13,473 INFO Breaker=OPEN result={'error': 'circuit breaker open'}
2025-11-07 12:08:13,779 WARNING Breaker OPEN: fast-fail without calling backend
2025-11-07 12:08:13,780 INFO Breaker=OPEN result={'error': 'circuit breaker open'}
2025-11-07 12:08:14,085 WARNING Breaker OPEN: fast-fail without calling backend
2025-11-07 12:08:14,085 INFO Breaker=OPEN result={'error': 'circuit breaker open'}
2025-11-07 12:08:14,386 WARNING Breaker OPEN: fast-fail without calling backend
2025-11-07 12:08:14,386 INFO Breaker=OPEN result={'error': 'circuit breaker open'}
2025-11-07 12:08:14,687 WARNING [CB Transition] OPEN -> HALF-OPEN
2025-11-07 12:08:16,165 INFO HTTP Request: GET http://backend.lab3.svc.cluster.local:8000/work "HTTP/1.1 200 OK"
2025-11-07 12:08:16,165 WARNING [CB Transition] HALF-OPEN -> CLOSED
2025-11-07 12:08:16,165 INFO Breaker=OPEN result={'ok': True, 'ts': 1762517296.164244}
2025-11-07 12:08:16,466 WARNING Breaker state changed → CLOSED
2025-11-07 12:08:16,471 INFO HTTP Request: GET http://backend.lab3.svc.cluster.local:8000/work "HTTP/1.1 500 Internal Server Error"
2025-11-07 12:08:16,471 INFO Breaker=CLOSED result={'error': 'server error 500'}
2025-11-07 12:08:17,810 INFO HTTP Request: GET http://backend.lab3.svc.cluster.local:8000/work "HTTP/1.1 500 Internal Server Error"
2025-11-07 12:08:17,810 WARNING [CB Transition] CLOSED -> OPEN
2025-11-07 12:08:17,810 WARNING Breaker OPEN: fast-fail without calling backend
2025-11-07 12:08:17,810 INFO Breaker=CLOSED result={'error': 'circuit breaker open'}
2025-11-07 12:08:18,111 WARNING Breaker state changed → OPEN
2025-11-07 12:08:18,111 WARNING Breaker OPEN: fast-fail without calling backend
2025-11-07 12:08:18,111 INFO Breaker=OPEN result={'error': 'circuit breaker open'}
2025-11-07 12:08:18,413 WARNING Breaker OPEN: fast-fail without calling backend
2025-11-07 12:08:18,413 INFO Breaker=OPEN result={'error': 'circuit breaker open'}
2025-11-07 12:08:18,714 WARNING Breaker OPEN: fast-fail without calling backend
2025-11-07 12:08:18,715 INFO Breaker=OPEN result={'error': 'circuit breaker open'}
2025-11-07 12:08:19,019 WARNING [CB Transition] OPEN -> HALF-OPEN
2025-11-07 12:08:20,361 INFO HTTP Request: GET http://backend.lab3.svc.cluster.local:8000/work "HTTP/1.1 200 OK"
2025-11-07 12:08:20,361 WARNING [CB Transition] HALF-OPEN -> CLOSED
2025-11-07 12:08:20,361 INFO Breaker=OPEN result={'ok': True, 'ts': 1762517300.3574154}
2025-11-07 12:08:20,663 WARNING Breaker state changed → CLOSED
2025-11-07 12:08:22,666 INFO Breaker=CLOSED result={'error': 'timed out'}
2025-11-07 12:08:24,986 WARNING [CB Transition] CLOSED -> OPEN
2025-11-07 12:08:24,987 WARNING Breaker OPEN: fast-fail without calling backend
2025-11-07 12:08:24,987 INFO Breaker=CLOSED result={'error': 'circuit breaker open'}
2025-11-07 12:08:25,287 WARNING Breaker state changed → OPEN
2025-11-07 12:08:25,287 WARNING Breaker OPEN: fast-fail without calling backend
2025-11-07 12:08:25,287 INFO Breaker=OPEN result={'error': 'circuit breaker open'}
2025-11-07 12:08:25,589 WARNING Breaker OPEN: fast-fail without calling backend
2025-11-07 12:08:25,589 INFO Breaker=OPEN result={'error': 'circuit breaker open'}
2025-11-07 12:08:25,890 WARNING Breaker OPEN: fast-fail without calling backend
2025-11-07 12:08:25,890 INFO Breaker=OPEN result={'error': 'circuit breaker open'}
2025-11-07 12:08:26,191 WARNING [CB Transition] OPEN -> HALF-OPEN
2025-11-07 12:08:27,908 INFO HTTP Request: GET http://backend.lab3.svc.cluster.local:8000/work "HTTP/1.1 500 Internal Server Error"
2025-11-07 12:08:27,908 WARNING [CB Transition] HALF-OPEN -> OPEN
2025-11-07 12:08:27,908 WARNING Breaker OPEN: fast-fail without calling backend
2025-11-07 12:08:27,908 INFO Breaker=OPEN result={'error': 'circuit breaker open'}
2025-11-07 12:08:28,213 WARNING Breaker OPEN: fast-fail without calling backend
2025-11-07 12:08:28,213 INFO Breaker=OPEN result={'error': 'circuit breaker open'}
2025-11-07 12:08:28,515 WARNING Breaker OPEN: fast-fail without calling backend
2025-11-07 12:08:28,515 INFO Breaker=OPEN result={'error': 'circuit breaker open'}
2025-11-07 12:08:28,816 WARNING Breaker OPEN: fast-fail without calling backend
2025-11-07 12:08:28,816 INFO Breaker=OPEN result={'error': 'circuit breaker open'}
2025-11-07 12:08:29,120 WARNING [CB Transition] OPEN -> HALF-OPEN
2025-11-07 12:08:31,121 WARNING [CB Transition] HALF-OPEN -> OPEN
2025-11-07 12:08:31,121 WARNING Breaker OPEN: fast-fail without calling backend
2025-11-07 12:08:31,121 INFO Breaker=OPEN result={'error': 'circuit breaker open'}
2025-11-07 12:08:31,424 WARNING Breaker OPEN: fast-fail without calling backend
2025-11-07 12:08:31,425 INFO Breaker=OPEN result={'error': 'circuit breaker open'}
2025-11-07 12:08:31,727 WARNING Breaker OPEN: fast-fail without calling backend
2025-11-07 12:08:31,727 INFO Breaker=OPEN result={'error': 'circuit breaker open'}
2025-11-07 12:08:32,031 WARNING Breaker OPEN: fast-fail without calling backend
2025-11-07 12:08:32,031 INFO Breaker=OPEN result={'error': 'circuit breaker open'}
2025-11-07 12:08:32,332 WARNING [CB Transition] OPEN -> HALF-OPEN
2025-11-07 12:08:33,697 INFO HTTP Request: GET http://backend.lab3.svc.cluster.local:8000/work "HTTP/1.1 200 OK"
2025-11-07 12:08:33,697 WARNING [CB Transition] HALF-OPEN -> CLOSED
2025-11-07 12:08:33,697 INFO Breaker=OPEN result={'ok': True, 'ts': 1762517313.6923852}
2025-11-07 12:08:34,001 WARNING Breaker state changed → CLOSED
2025-11-07 12:08:34,015 INFO HTTP Request: GET http://backend.lab3.svc.cluster.local:8000/work "HTTP/1.1 500 Internal Server Error"
2025-11-07 12:08:34,016 INFO Breaker=CLOSED result={'error': 'server error 500'}
2025-11-07 12:08:34,697 INFO HTTP Request: GET http://backend.lab3.svc.cluster.local:8000/work "HTTP/1.1 200 OK"
2025-11-07 12:08:34,697 INFO Breaker=CLOSED result={'ok': True, 'ts': 1762517314.6950185}
2025-11-07 12:08:35,582 INFO HTTP Request: GET http://backend.lab3.svc.cluster.local:8000/work "HTTP/1.1 500 Internal Server Error"
2025-11-07 12:08:35,582 INFO Breaker=CLOSED result={'error': 'server error 500'}
2025-11-07 12:08:37,891 WARNING [CB Transition] CLOSED -> OPEN
2025-11-07 12:08:37,891 WARNING Breaker OPEN: fast-fail without calling backend
2025-11-07 12:08:37,891 INFO Breaker=CLOSED result={'error': 'circuit breaker open'}
2025-11-07 12:08:38,195 WARNING Breaker state changed → OPEN
2025-11-07 12:08:38,195 WARNING Breaker OPEN: fast-fail without calling backend
2025-11-07 12:08:38,195 INFO Breaker=OPEN result={'error': 'circuit breaker open'}
2025-11-07 12:08:38,496 WARNING Breaker OPEN: fast-fail without calling backend
2025-11-07 12:08:38,496 INFO Breaker=OPEN result={'error': 'circuit breaker open'}
2025-11-07 12:08:38,797 WARNING Breaker OPEN: fast-fail without calling backend
2025-11-07 12:08:38,797 INFO Breaker=OPEN result={'error': 'circuit breaker open'}
2025-11-07 12:08:39,101 WARNING [CB Transition] OPEN -> HALF-OPEN
2025-11-07 12:08:41,110 WARNING [CB Transition] HALF-OPEN -> OPEN
2025-11-07 12:08:41,111 WARNING Breaker OPEN: fast-fail without calling backend
2025-11-07 12:08:41,111 INFO Breaker=OPEN result={'error': 'circuit breaker open'}
2025-11-07 12:08:41,414 WARNING Breaker OPEN: fast-fail without calling backend
2025-11-07 12:08:41,414 INFO Breaker=OPEN result={'error': 'circuit breaker open'}
2025-11-07 12:08:41,716 WARNING Breaker OPEN: fast-fail without calling backend
2025-11-07 12:08:41,716 INFO Breaker=OPEN result={'error': 'circuit breaker open'}
2025-11-07 12:08:42,018 WARNING Breaker OPEN: fast-fail without calling backend
2025-11-07 12:08:42,018 INFO Breaker=OPEN result={'error': 'circuit breaker open'}
2025-11-07 12:08:42,319 WARNING [CB Transition] OPEN -> HALF-OPEN
2025-11-07 12:08:43,417 INFO HTTP Request: GET http://backend.lab3.svc.cluster.local:8000/work "HTTP/1.1 500 Internal Server Error"
2025-11-07 12:08:43,418 WARNING [CB Transition] HALF-OPEN -> OPEN
2025-11-07 12:08:43,418 WARNING Breaker OPEN: fast-fail without calling backend
2025-11-07 12:08:43,418 INFO Breaker=OPEN result={'error': 'circuit breaker open'}
2025-11-07 12:08:43,720 WARNING Breaker OPEN: fast-fail without calling backend
2025-11-07 12:08:43,721 INFO Breaker=OPEN result={'error': 'circuit breaker open'}
2025-11-07 12:08:44,023 WARNING Breaker OPEN: fast-fail without calling backend
2025-11-07 12:08:44,024 INFO Breaker=OPEN result={'error': 'circuit breaker open'}
2025-11-07 12:08:44,325 WARNING Breaker OPEN: fast-fail without calling backend
2025-11-07 12:08:44,325 INFO Breaker=OPEN result={'error': 'circuit breaker open'}
2025-11-07 12:08:44,625 WARNING [CB Transition] OPEN -> HALF-OPEN
2025-11-07 12:08:46,633 WARNING [CB Transition] HALF-OPEN -> OPEN
2025-11-07 12:08:46,634 WARNING Breaker OPEN: fast-fail without calling backend
2025-11-07 12:08:46,634 INFO Breaker=OPEN result={'error': 'circuit breaker open'}
2025-11-07 12:08:46,936 WARNING Breaker OPEN: fast-fail without calling backend
2025-11-07 12:08:46,936 INFO Breaker=OPEN result={'error': 'circuit breaker open'}
2025-11-07 12:08:47,240 WARNING Breaker OPEN: fast-fail without calling backend
2025-11-07 12:08:47,241 INFO Breaker=OPEN result={'error': 'circuit breaker open'}
2025-11-07 12:08:47,543 WARNING Breaker OPEN: fast-fail without calling backend
2025-11-07 12:08:47,544 INFO Breaker=OPEN result={'error': 'circuit breaker open'}
2025-11-07 12:08:47,844 WARNING [CB Transition] OPEN -> HALF-OPEN
2025-11-07 12:08:47,859 INFO HTTP Request: GET http://backend.lab3.svc.cluster.local:8000/work "HTTP/1.1 200 OK"
2025-11-07 12:08:47,859 WARNING [CB Transition] HALF-OPEN -> CLOSED
2025-11-07 12:08:47,859 INFO Breaker=OPEN result={'ok': True, 'ts': 1762517327.8568902}
2025-11-07 12:08:48,160 WARNING Breaker state changed → CLOSED
2025-11-07 12:08:48,379 INFO HTTP Request: GET http://backend.lab3.svc.cluster.local:8000/work "HTTP/1.1 200 OK"
2025-11-07 12:08:48,379 INFO Breaker=CLOSED result={'ok': True, 'ts': 1762517328.3769891}
2025-11-07 12:08:50,227 INFO HTTP Request: GET http://backend.lab3.svc.cluster.local:8000/work "HTTP/1.1 500 Internal Server Error"
2025-11-07 12:08:50,227 INFO Breaker=CLOSED result={'error': 'server error 500'}
2025-11-07 12:08:52,533 WARNING [CB Transition] CLOSED -> OPEN
2025-11-07 12:08:52,533 WARNING Breaker OPEN: fast-fail without calling backend
2025-11-07 12:08:52,533 INFO Breaker=CLOSED result={'error': 'circuit breaker open'}
2025-11-07 12:08:52,835 WARNING Breaker state changed → OPEN
2025-11-07 12:08:52,835 WARNING Breaker OPEN: fast-fail without calling backend
2025-11-07 12:08:52,835 INFO Breaker=OPEN result={'error': 'circuit breaker open'}
2025-11-07 12:08:53,136 WARNING Breaker OPEN: fast-fail without calling backend
2025-11-07 12:08:53,136 INFO Breaker=OPEN result={'error': 'circuit breaker open'}
2025-11-07 12:08:53,439 WARNING Breaker OPEN: fast-fail without calling backend
2025-11-07 12:08:53,439 INFO Breaker=OPEN result={'error': 'circuit breaker open'}
2025-11-07 12:08:53,740 WARNING [CB Transition] OPEN -> HALF-OPEN
2025-11-07 12:08:55,028 INFO HTTP Request: GET http://backend.lab3.svc.cluster.local:8000/work "HTTP/1.1 500 Internal Server Error"
2025-11-07 12:08:55,028 WARNING [CB Transition] HALF-OPEN -> OPEN
2025-11-07 12:08:55,028 WARNING Breaker OPEN: fast-fail without calling backend
2025-11-07 12:08:55,028 INFO Breaker=OPEN result={'error': 'circuit breaker open'}
2025-11-07 12:08:55,330 WARNING Breaker OPEN: fast-fail without calling backend
2025-11-07 12:08:55,330 INFO Breaker=OPEN result={'error': 'circuit breaker open'}
2025-11-07 12:08:55,633 WARNING Breaker OPEN: fast-fail without calling backend
2025-11-07 12:08:55,633 INFO Breaker=OPEN result={'error': 'circuit breaker open'}
2025-11-07 12:08:55,935 WARNING Breaker OPEN: fast-fail without calling backend
2025-11-07 12:08:55,935 INFO Breaker=OPEN result={'error': 'circuit breaker open'}
2025-11-07 12:08:56,236 WARNING [CB Transition] OPEN -> HALF-OPEN
2025-11-07 12:08:58,123 INFO HTTP Request: GET http://backend.lab3.svc.cluster.local:8000/work "HTTP/1.1 500 Internal Server Error"
2025-11-07 12:08:58,124 WARNING [CB Transition] HALF-OPEN -> OPEN
2025-11-07 12:08:58,124 WARNING Breaker OPEN: fast-fail without calling backend
2025-11-07 12:08:58,124 INFO Breaker=OPEN result={'error': 'circuit breaker open'}
2025-11-07 12:08:58,426 WARNING Breaker OPEN: fast-fail without calling backend
2025-11-07 12:08:58,426 INFO Breaker=OPEN result={'error': 'circuit breaker open'}
2025-11-07 12:08:58,728 WARNING Breaker OPEN: fast-fail without calling backend
2025-11-07 12:08:58,728 INFO Breaker=OPEN result={'error': 'circuit breaker open'}
2025-11-07 12:08:59,030 WARNING Breaker OPEN: fast-fail without calling backend
2025-11-07 12:08:59,031 INFO Breaker=OPEN result={'error': 'circuit breaker open'}
2025-11-07 12:08:59,332 WARNING [CB Transition] OPEN -> HALF-OPEN
2025-11-07 12:08:59,829 INFO HTTP Request: GET http://backend.lab3.svc.cluster.local:8000/work "HTTP/1.1 500 Internal Server Error"
2025-11-07 12:08:59,829 WARNING [CB Transition] HALF-OPEN -> OPEN
2025-11-07 12:08:59,829 WARNING Breaker OPEN: fast-fail without calling backend
2025-11-07 12:08:59,829 INFO Breaker=OPEN result={'error': 'circuit breaker open'}
2025-11-07 12:09:00,132 WARNING Breaker OPEN: fast-fail without calling backend
2025-11-07 12:09:00,133 INFO Breaker=OPEN result={'error': 'circuit breaker open'}
2025-11-07 12:09:00,435 WARNING Breaker OPEN: fast-fail without calling backend
2025-11-07 12:09:00,436 INFO Breaker=OPEN result={'error': 'circuit breaker open'}
2025-11-07 12:09:00,737 WARNING Breaker OPEN: fast-fail without calling backend
2025-11-07 12:09:00,737 INFO Breaker=OPEN result={'error': 'circuit breaker open'}
2025-11-07 12:09:01,059 WARNING [CB Transition] OPEN -> HALF-OPEN
2025-11-07 12:09:01,198 INFO HTTP Request: GET http://backend.lab3.svc.cluster.local:8000/work "HTTP/1.1 500 Internal Server Error"
2025-11-07 12:09:01,199 WARNING [CB Transition] HALF-OPEN -> OPEN
2025-11-07 12:09:01,199 WARNING Breaker OPEN: fast-fail without calling backend
2025-11-07 12:09:01,199 INFO Breaker=OPEN result={'error': 'circuit breaker open'}
2025-11-07 12:09:01,504 WARNING Breaker OPEN: fast-fail without calling backend
2025-11-07 12:09:01,505 INFO Breaker=OPEN result={'error': 'circuit breaker open'}
2025-11-07 12:09:01,805 WARNING Breaker OPEN: fast-fail without calling backend
2025-11-07 12:09:01,805 INFO Breaker=OPEN result={'error': 'circuit breaker open'}
2025-11-07 12:09:02,111 WARNING Breaker OPEN: fast-fail without calling backend
2025-11-07 12:09:02,111 INFO Breaker=OPEN result={'error': 'circuit breaker open'}
2025-11-07 12:09:02,412 WARNING [CB Transition] OPEN -> HALF-OPEN
2025-11-07 12:09:02,444 INFO HTTP Request: GET http://backend.lab3.svc.cluster.local:8000/work "HTTP/1.1 500 Internal Server Error"
2025-11-07 12:09:02,445 WARNING [CB Transition] HALF-OPEN -> OPEN
2025-11-07 12:09:02,445 WARNING Breaker OPEN: fast-fail without calling backend
2025-11-07 12:09:02,445 INFO Breaker=OPEN result={'error': 'circuit breaker open'}
2025-11-07 12:09:02,746 WARNING Breaker OPEN: fast-fail without calling backend
2025-11-07 12:09:02,746 INFO Breaker=OPEN result={'error': 'circuit breaker open'}
2025-11-07 12:09:03,051 WARNING Breaker OPEN: fast-fail without calling backend
2025-11-07 12:09:03,051 INFO Breaker=OPEN result={'error': 'circuit breaker open'}
2025-11-07 12:09:03,352 WARNING Breaker OPEN: fast-fail without calling backend
2025-11-07 12:09:03,353 INFO Breaker=OPEN result={'error': 'circuit breaker open'}
2025-11-07 12:09:03,654 WARNING [CB Transition] OPEN -> HALF-OPEN
2025-11-07 12:09:03,656 INFO HTTP Request: GET http://backend.lab3.svc.cluster.local:8000/work "HTTP/1.1 500 Internal Server Error"
2025-11-07 12:09:03,656 WARNING [CB Transition] HALF-OPEN -> OPEN
2025-11-07 12:09:03,656 WARNING Breaker OPEN: fast-fail without calling backend
2025-11-07 12:09:03,656 INFO Breaker=OPEN result={'error': 'circuit breaker open'}
2025-11-07 12:09:03,958 WARNING Breaker OPEN: fast-fail without calling backend
2025-11-07 12:09:03,958 INFO Breaker=OPEN result={'error': 'circuit breaker open'}
2025-11-07 12:09:04,262 WARNING Breaker OPEN: fast-fail without calling backend
2025-11-07 12:09:04,262 INFO Breaker=OPEN result={'error': 'circuit breaker open'}
2025-11-07 12:09:04,563 WARNING Breaker OPEN: fast-fail without calling backend
2025-11-07 12:09:04,563 INFO Breaker=OPEN result={'error': 'circuit breaker open'}
2025-11-07 12:09:04,864 WARNING [CB Transition] OPEN -> HALF-OPEN
2025-11-07 12:09:05,979 INFO HTTP Request: GET http://backend.lab3.svc.cluster.local:8000/work "HTTP/1.1 200 OK"
2025-11-07 12:09:05,980 WARNING [CB Transition] HALF-OPEN -> CLOSED
2025-11-07 12:09:05,980 INFO Breaker=OPEN result={'ok': True, 'ts': 1762517345.97603}
2025-11-07 12:09:06,284 WARNING Breaker state changed → CLOSED
2025-11-07 12:09:07,948 INFO HTTP Request: GET http://backend.lab3.svc.cluster.local:8000/work "HTTP/1.1 500 Internal Server Error"
2025-11-07 12:09:07,948 INFO Breaker=CLOSED result={'error': 'server error 500'}
2025-11-07 12:09:08,349 INFO HTTP Request: GET http://backend.lab3.svc.cluster.local:8000/work "HTTP/1.1 200 OK"
2025-11-07 12:09:08,349 INFO Breaker=CLOSED result={'ok': True, 'ts': 1762517348.3482704}
2025-11-07 12:09:10,658 INFO Breaker=CLOSED result={'error': 'timed out'}
2025-11-07 12:09:11,905 INFO HTTP Request: GET http://backend.lab3.svc.cluster.local:8000/work "HTTP/1.1 500 Internal Server Error"
2025-11-07 12:09:11,906 WARNING [CB Transition] CLOSED -> OPEN
2025-11-07 12:09:11,906 WARNING Breaker OPEN: fast-fail without calling backend
2025-11-07 12:09:11,906 INFO Breaker=CLOSED result={'error': 'circuit breaker open'}
2025-11-07 12:09:12,209 WARNING Breaker state changed → OPEN
2025-11-07 12:09:12,212 WARNING Breaker OPEN: fast-fail without calling backend
2025-11-07 12:09:12,212 INFO Breaker=OPEN result={'error': 'circuit breaker open'}
2025-11-07 12:09:12,514 WARNING Breaker OPEN: fast-fail without calling backend
2025-11-07 12:09:12,514 INFO Breaker=OPEN result={'error': 'circuit breaker open'}
2025-11-07 12:09:12,816 WARNING Breaker OPEN: fast-fail without calling backend
2025-11-07 12:09:12,816 INFO Breaker=OPEN result={'error': 'circuit breaker open'}
2025-11-07 12:09:13,116 WARNING [CB Transition] OPEN -> HALF-OPEN
2025-11-07 12:09:13,182 INFO HTTP Request: GET http://backend.lab3.svc.cluster.local:8000/work "HTTP/1.1 500 Internal Server Error"
2025-11-07 12:09:13,183 WARNING [CB Transition] HALF-OPEN -> OPEN
2025-11-07 12:09:13,183 WARNING Breaker OPEN: fast-fail without calling backend
2025-11-07 12:09:13,183 INFO Breaker=OPEN result={'error': 'circuit breaker open'}
2025-11-07 12:09:13,483 WARNING Breaker OPEN: fast-fail without calling backend
2025-11-07 12:09:13,484 INFO Breaker=OPEN result={'error': 'circuit breaker open'}
2025-11-07 12:09:13,787 WARNING Breaker OPEN: fast-fail without calling backend
2025-11-07 12:09:13,787 INFO Breaker=OPEN result={'error': 'circuit breaker open'}
2025-11-07 12:09:14,088 WARNING Breaker OPEN: fast-fail without calling backend
2025-11-07 12:09:14,089 INFO Breaker=OPEN result={'error': 'circuit breaker open'}
2025-11-07 12:09:14,389 WARNING [CB Transition] OPEN -> HALF-OPEN
2025-11-07 12:09:16,028 INFO HTTP Request: GET http://backend.lab3.svc.cluster.local:8000/work "HTTP/1.1 500 Internal Server Error"
2025-11-07 12:09:16,028 WARNING [CB Transition] HALF-OPEN -> OPEN
2025-11-07 12:09:16,028 WARNING Breaker OPEN: fast-fail without calling backend
2025-11-07 12:09:16,029 INFO Breaker=OPEN result={'error': 'circuit breaker open'}
2025-11-07 12:09:16,331 WARNING Breaker OPEN: fast-fail without calling backend
2025-11-07 12:09:16,331 INFO Breaker=OPEN result={'error': 'circuit breaker open'}
2025-11-07 12:09:16,633 WARNING Breaker OPEN: fast-fail without calling backend
2025-11-07 12:09:16,633 INFO Breaker=OPEN result={'error': 'circuit breaker open'}
2025-11-07 12:09:16,939 WARNING Breaker OPEN: fast-fail without calling backend
2025-11-07 12:09:16,939 INFO Breaker=OPEN result={'error': 'circuit breaker open'}
2025-11-07 12:09:17,241 WARNING [CB Transition] OPEN -> HALF-OPEN
2025-11-07 12:09:19,247 WARNING [CB Transition] HALF-OPEN -> OPEN
2025-11-07 12:09:19,247 WARNING Breaker OPEN: fast-fail without calling backend
2025-11-07 12:09:19,247 INFO Breaker=OPEN result={'error': 'circuit breaker open'}
2025-11-07 12:09:19,549 WARNING Breaker OPEN: fast-fail without calling backend
2025-11-07 12:09:19,549 INFO Breaker=OPEN result={'error': 'circuit breaker open'}
2025-11-07 12:09:19,855 WARNING Breaker OPEN: fast-fail without calling backend
2025-11-07 12:09:19,855 INFO Breaker=OPEN result={'error': 'circuit breaker open'}
2025-11-07 12:09:20,158 WARNING Breaker OPEN: fast-fail without calling backend
2025-11-07 12:09:20,158 INFO Breaker=OPEN result={'error': 'circuit breaker open'}
2025-11-07 12:09:20,460 WARNING [CB Transition] OPEN -> HALF-OPEN
2025-11-07 12:09:21,983 INFO HTTP Request: GET http://backend.lab3.svc.cluster.local:8000/work "HTTP/1.1 500 Internal Server Error"
2025-11-07 12:09:21,983 WARNING [CB Transition] HALF-OPEN -> OPEN
2025-11-07 12:09:21,983 WARNING Breaker OPEN: fast-fail without calling backend
2025-11-07 12:09:21,983 INFO Breaker=OPEN result={'error': 'circuit breaker open'}
2025-11-07 12:09:22,287 WARNING Breaker OPEN: fast-fail without calling backend
2025-11-07 12:09:22,288 INFO Breaker=OPEN result={'error': 'circuit breaker open'}
2025-11-07 12:09:22,589 WARNING Breaker OPEN: fast-fail without calling backend
2025-11-07 12:09:22,589 INFO Breaker=OPEN result={'error': 'circuit breaker open'}
2025-11-07 12:09:22,892 WARNING Breaker OPEN: fast-fail without calling backend
2025-11-07 12:09:22,892 INFO Breaker=OPEN result={'error': 'circuit breaker open'}
2025-11-07 12:09:23,194 WARNING [CB Transition] OPEN -> HALF-OPEN
2025-11-07 12:09:24,308 INFO HTTP Request: GET http://backend.lab3.svc.cluster.local:8000/work "HTTP/1.1 500 Internal Server Error"
2025-11-07 12:09:24,308 WARNING [CB Transition] HALF-OPEN -> OPEN
2025-11-07 12:09:24,308 WARNING Breaker OPEN: fast-fail without calling backend
2025-11-07 12:09:24,308 INFO Breaker=OPEN result={'error': 'circuit breaker open'}
2025-11-07 12:09:24,613 WARNING Breaker OPEN: fast-fail without calling backend
2025-11-07 12:09:24,613 INFO Breaker=OPEN result={'error': 'circuit breaker open'}
2025-11-07 12:09:24,914 WARNING Breaker OPEN: fast-fail without calling backend
2025-11-07 12:09:24,914 INFO Breaker=OPEN result={'error': 'circuit breaker open'}
2025-11-07 12:09:25,215 WARNING Breaker OPEN: fast-fail without calling backend
2025-11-07 12:09:25,215 INFO Breaker=OPEN result={'error': 'circuit breaker open'}
2025-11-07 12:09:25,516 WARNING [CB Transition] OPEN -> HALF-OPEN
2025-11-07 12:09:25,518 INFO HTTP Request: GET http://backend.lab3.svc.cluster.local:8000/work "HTTP/1.1 500 Internal Server Error"
2025-11-07 12:09:25,518 WARNING [CB Transition] HALF-OPEN -> OPEN
2025-11-07 12:09:25,518 WARNING Breaker OPEN: fast-fail without calling backend
2025-11-07 12:09:25,518 INFO Breaker=OPEN result={'error': 'circuit breaker open'}
2025-11-07 12:09:25,821 WARNING Breaker OPEN: fast-fail without calling backend
2025-11-07 12:09:25,821 INFO Breaker=OPEN result={'error': 'circuit breaker open'}
2025-11-07 12:09:26,123 WARNING Breaker OPEN: fast-fail without calling backend
2025-11-07 12:09:26,123 INFO Breaker=OPEN result={'error': 'circuit breaker open'}
2025-11-07 12:09:26,427 WARNING Breaker OPEN: fast-fail without calling backend
2025-11-07 12:09:26,427 INFO Breaker=OPEN result={'error': 'circuit breaker open'}
2025-11-07 12:09:26,728 WARNING [CB Transition] OPEN -> HALF-OPEN
